<?xml version="1.0" encoding="UTF-8"?>
<testng-results ignored="0" total="1" passed="1" failed="0" skipped="0">
  <reporter-output>
  </reporter-output>
  <suite started-at="2019-06-07T19:38:49Z" name="MercedesBenzSuite" finished-at="2019-06-07T19:39:33Z" duration-ms="43462">
    <groups>
    </groups>
    <test started-at="2019-06-07T19:38:49Z" name="OnlineShopTest" finished-at="2019-06-07T19:39:33Z" duration-ms="43462">
      <class name="com.mercedes.benz.tests.EndtoEnd_TC1">
        <test-method signature="endtoEnd_TC1(java.lang.String)[pri:0, instance:com.mercedes.benz.tests.EndtoEnd_TC1@3f4faf53]" started-at="2019-06-07T19:38:49Z" name="endtoEnd_TC1" finished-at="2019-06-07T19:39:32Z" duration-ms="42343" status="PASS">
          <params>
            <param index="0">
              <value>
                <![CDATA[Chrome]]>
              </value>
            </param>
          </params>
          <reporter-output>
          </reporter-output>
        </test-method> <!-- endtoEnd_TC1 -->
        <test-method is-config="true" signature="quit()[pri:0, instance:com.mercedes.benz.tests.EndtoEnd_TC1@3f4faf53]" started-at="2019-06-07T19:39:32Z" name="quit" finished-at="2019-06-07T19:39:33Z" duration-ms="1095" status="PASS">
          <reporter-output>
          </reporter-output>
        </test-method> <!-- quit -->
      </class> <!-- com.mercedes.benz.tests.EndtoEnd_TC1 -->
    </test> <!-- OnlineShopTest -->
  </suite> <!-- MercedesBenzSuite -->
</testng-results>
